{
  "timestamp": "2025-07-14T18:37:11.250Z",
  "input": {
    "symbol": "鮫쮪잺",
    "logic": "recursive"
  },
  "output": {
    "sym": {
      "symbol": "鮫쮪잺"
    },
    "mem": {
      "memory": "鮫쮪잺"
    },
    "pat": {
      "pattern": "鮫쮪잺"
    },
    "agi": {
      "status": "learned",
      "input": "鮫쮪잺"
    }
  }
}
{
  "timestamp": "2025-07-14T18:40:42.935Z",
  "input": {
    "symbol": "游대",
    "logic": "recursive"
  },
  "output": {
    "sym": {
      "symbol": "游대"
    },
    "mem": {
      "memory": "游대"
    },
    "pat": {
      "pattern": "游대"
    },
    "agi": {
      "status": "learned",
      "input": "游대"
    }
  }
}
{
  "timestamp": "2025-07-14T18:40:42.907Z",
  "session": "vwtw1dzo",
  "input": {
    "symbol": "游대",
    "logic": "recursive"
  },
  "output": {
    "timestamp": "2025-07-14T18:40:42.935Z",
    "input": {
      "symbol": "游대",
      "logic": "recursive"
    },
    "output": {
      "sym": {
        "symbol": "游대"
      },
      "mem": {
        "memory": "游대"
      },
      "pat": {
        "pattern": "游대"
      },
      "agi": {
        "status": "learned",
        "input": "游대"
      }
    }
  }
}
{
  "timestamp": "2025-07-14T18:43:34.457Z",
  "session": "pt96a6h0",
  "input": {
    "symbol": "游대",
    "logic": "recursive"
  },
  "output": {
    "loop": true,
    "out": [
      {
        "symbol": {
          "symbol": "游대",
          "logic": "recursive"
        }
      },
      {
        "memory": {
          "symbol": "游대",
          "logic": "recursive"
        }
      },
      {
        "pattern": {
          "symbol": "游대",
          "logic": "recursive"
        }
      },
      {
        "status": "learned",
        "input": {
          "symbol": "游대",
          "logic": "recursive"
        }
      },
      {
        "inferred": true,
        "trace": "linked symbols and logic path"
      }
    ]
  }
}
